[PREINITIALIZATION][SERVER][INFO] Thank you to the Patreon supporters below and others who make CraftTweaker possible!
Zuniroa
Spencer Gilbert
Quaternary
Jessie Sims
DreamThorn
Hooley
NickT
Jellycraft
Belathus
NerdyWhiteGuy
Ncc1702
Pongo Sapiens
embeddedt
Genryu
Jonathan McManus
Peregrinus11
Lucas
Ivy_
Jordan Pineo
If you want to support the mod, checkout https://patreon.com/jaredlll08?s=crtmod

[PREINITIALIZATION][SERVER][INFO] Current loaders after merging: [[preinit]]
[PREINITIALIZATION][SERVER][INFO] Loading scripts for loader with names [preinit]
[PREINITIALIZATION][SERVER][INFO] Completed script loading in: 0ms
